INFO-FLOW: Workspace /home/raesangur/github/atelier-4/s4InfoAtelier4/s4InfoAtelier4.runs/bd_0837_hsc_0_synth_1/bd_0837_hsc_0/prj opened at Thu Jun 16 09:57:07 EDT 2022
Execute       send_msg_by_id INFO @200-1505@%s%s default  vivado 
INFO: [HLS 200-1505] Using default flow_target 'vivado'
Execute       get_config_interface -m_axi_latency 
Execute       get_config_interface -m_axi_alignment_byte_size 
Execute       get_config_interface -m_axi_max_widen_bitwidth 
Execute       get_config_interface -default_interface 
Execute       get_config_interface -m_axi_offset 
Execute       get_config_rtl -register_reset_num 
Execute     set_part xc7z010clg400-1 
INFO: [HLS 200-1510] Running: set_part xc7z010clg400-1 
INFO-FLOW: DBG:set_part: XILINX_VIVADO=/usr/share/Xilinx/Vivado/2020.2
INFO-FLOW: DBG:set_part: RDI_DATADIR=/usr/share/Xilinx/Vivado/2020.2/data:/usr/share/Xilinx/Vitis_HLS/2020.2/data
Execute       ap_part_info -name xc7z010clg400-1 -data single -quiet 
DBG:HLSDevice: Trying to load device library: /usr/share/Xilinx/Vitis_HLS/2020.2/lib/lnx64.o/librdi_hlsvwrap.so
DBG:HLSDevice: first parts/arch.xml in RDI_DATADIR: /usr/share/Xilinx/Vivado/2020.2/data/parts/arch.xml
Command       ap_part_info done; 1.38 sec.
Execute       ap_part_info -name xc7z010clg400-1 -data info 
Execute       add_library xilinx/zynq/zynq:xc7z010:-clg400:-1 
Execute         get_default_platform 
Execute         open_platform DefaultPlatform 
Execute         ap_part_info -data single -name xc7z010-clg400-1 
Execute         ap_part_info -name xc7z010-clg400-1 -data resources 
Execute         config_chip_info -resource {SLICE 4400} {LUT 17600} {FF 35200} {DSP 80} {BRAM 120} {URAM 0} 
Execute         ap_part_info -name xc7z010-clg400-1 -data info 
Execute         config_chip_info -speed slow 
Execute         ap_part_info -name xc7z010-clg400-1 -data info 
Execute         config_library_info -library zynq_slow 
Execute         config_library_info -family zynq 
Execute         config_library_info -part xc7z010:-clg400:-1 
Execute         import_lib /usr/share/Xilinx/Vitis_HLS/2020.2/common/technology/xilinx/zynq/zynq 
Execute           source /usr/share/Xilinx/Vitis_HLS/2020.2/common/technology/xilinx/interface/xilinx_interface.hlp 
Execute             source /usr/share/Xilinx/Vitis_HLS/2020.2/common/technology/xilinx/interface/maxi.hlp 
Execute             source /usr/share/Xilinx/Vitis_HLS/2020.2/common/technology/xilinx/interface/saxilite.hlp 
Execute           source /usr/share/Xilinx/Vitis_HLS/2020.2/common/technology/xilinx/DSP48/dsp48.hlp 
Execute           source /usr/share/Xilinx/Vitis_HLS/2020.2/common/technology/xilinx/DSP48/zynq_dsp48e1.hlp 
Execute         source /usr/share/Xilinx/Vitis_HLS/2020.2/common/technology/xilinx/common/xilinx.gen 
Execute           source /usr/share/Xilinx/Vitis_HLS/2020.2/common/technology/xilinx/interface/plb46.gen 
Execute           source /usr/share/Xilinx/Vitis_HLS/2020.2/common/technology/xilinx/interface/axi4.gen 
Execute           source /usr/share/Xilinx/Vitis_HLS/2020.2/common/technology/xilinx/interface/nativeAXI4.gen 
Execute             source /usr/share/Xilinx/Vitis_HLS/2020.2/common/technology/xilinx/interface/saxilite.gen 
Execute             source /usr/share/Xilinx/Vitis_HLS/2020.2/common/technology/xilinx/interface/maxi.gen 
Execute           source /usr/share/Xilinx/Vitis_HLS/2020.2/common/technology/xilinx/scripts/xilinxcoregen.gen 
Execute           source /usr/share/Xilinx/Vitis_HLS/2020.2/common/technology/xilinx/interface/XilEDKCoreGen.gen 
Execute           source /usr/share/Xilinx/Vitis_HLS/2020.2/common/technology/xilinx/ip/dds_compiler.gen 
Execute           source /usr/share/Xilinx/Vitis_HLS/2020.2/common/technology/xilinx/ip/util.gen 
Execute           source /usr/share/Xilinx/Vitis_HLS/2020.2/common/technology/xilinx/ip/xfft.gen 
Command           ap_source done; 0.18 sec.
Execute           source /usr/share/Xilinx/Vitis_HLS/2020.2/common/technology/xilinx/ip/xfir.gen 
Execute           source /usr/share/Xilinx/Vitis_HLS/2020.2/common/technology/xilinx/DSP48/dsp48.gen 
Command         ap_source done; 0.23 sec.
Command       add_library done; 0.29 sec.
INFO: [HLS 200-10] Setting target device to 'xc7z010-clg400-1'
Execute       ap_part_info -name xc7z010-clg400-1 -data info 
Execute       config_compile -quiet -complex-mul-dsp=0 
Command     set_part done; 1.71 sec.
Execute     add_files -cflags  -I /home/raesangur/github/atelier-4/s4InfoAtelier4/s4InfoAtelier4.gen/sources_1/bd/atelier4/ip/atelier4_v_proc_ss_0_0_1/bd_0/ip/ip_2/src/hls -I /home/raesangur/github/atelier-4/s4InfoAtelier4/s4InfoAtelier4.gen/sources_1/bd/atelier4/ip/atelier4_v_proc_ss_0_0_1/bd_0/ip/ip_2/src  /home/raesangur/github/atelier-4/s4InfoAtelier4/s4InfoAtelier4.gen/sources_1/bd/atelier4/ip/atelier4_v_proc_ss_0_0_1/bd_0/ip/ip_2/src/v_hscaler_config.h 
INFO: [HLS 200-1510] Running: add_files -cflags  -I /home/raesangur/github/atelier-4/s4InfoAtelier4/s4InfoAtelier4.gen/sources_1/bd/atelier4/ip/atelier4_v_proc_ss_0_0_1/bd_0/ip/ip_2/src/hls -I /home/raesangur/github/atelier-4/s4InfoAtelier4/s4InfoAtelier4.gen/sources_1/bd/atelier4/ip/atelier4_v_proc_ss_0_0_1/bd_0/ip/ip_2/src  /home/raesangur/github/atelier-4/s4InfoAtelier4/s4InfoAtelier4.gen/sources_1/bd/atelier4/ip/atelier4_v_proc_ss_0_0_1/bd_0/ip/ip_2/src/v_hscaler_config.h 
INFO: [HLS 200-10] Adding design file '/home/raesangur/github/atelier-4/s4InfoAtelier4/s4InfoAtelier4.gen/sources_1/bd/atelier4/ip/atelier4_v_proc_ss_0_0_1/bd_0/ip/ip_2/src/v_hscaler_config.h' to the project
Execute     add_files -cflags  -I /home/raesangur/github/atelier-4/s4InfoAtelier4/s4InfoAtelier4.gen/sources_1/bd/atelier4/ip/atelier4_v_proc_ss_0_0_1/bd_0/ip/ip_2/src/hls -I /home/raesangur/github/atelier-4/s4InfoAtelier4/s4InfoAtelier4.gen/sources_1/bd/atelier4/ip/atelier4_v_proc_ss_0_0_1/bd_0/ip/ip_2/src  /home/raesangur/github/atelier-4/s4InfoAtelier4/s4InfoAtelier4.gen/sources_1/bd/atelier4/ip/atelier4_v_proc_ss_0_0_1/bd_0/ip/ip_2/src/v_hscaler.cpp 
INFO: [HLS 200-1510] Running: add_files -cflags  -I /home/raesangur/github/atelier-4/s4InfoAtelier4/s4InfoAtelier4.gen/sources_1/bd/atelier4/ip/atelier4_v_proc_ss_0_0_1/bd_0/ip/ip_2/src/hls -I /home/raesangur/github/atelier-4/s4InfoAtelier4/s4InfoAtelier4.gen/sources_1/bd/atelier4/ip/atelier4_v_proc_ss_0_0_1/bd_0/ip/ip_2/src  /home/raesangur/github/atelier-4/s4InfoAtelier4/s4InfoAtelier4.gen/sources_1/bd/atelier4/ip/atelier4_v_proc_ss_0_0_1/bd_0/ip/ip_2/src/v_hscaler.cpp 
INFO: [HLS 200-10] Adding design file '/home/raesangur/github/atelier-4/s4InfoAtelier4/s4InfoAtelier4.gen/sources_1/bd/atelier4/ip/atelier4_v_proc_ss_0_0_1/bd_0/ip/ip_2/src/v_hscaler.cpp' to the project
Execute     add_files -cflags  -I /home/raesangur/github/atelier-4/s4InfoAtelier4/s4InfoAtelier4.gen/sources_1/bd/atelier4/ip/atelier4_v_proc_ss_0_0_1/bd_0/ip/ip_2/src/hls -I /home/raesangur/github/atelier-4/s4InfoAtelier4/s4InfoAtelier4.gen/sources_1/bd/atelier4/ip/atelier4_v_proc_ss_0_0_1/bd_0/ip/ip_2/src  /home/raesangur/github/atelier-4/s4InfoAtelier4/s4InfoAtelier4.gen/sources_1/bd/atelier4/ip/atelier4_v_proc_ss_0_0_1/bd_0/ip/ip_2/src/v_hscaler.h 
INFO: [HLS 200-1510] Running: add_files -cflags  -I /home/raesangur/github/atelier-4/s4InfoAtelier4/s4InfoAtelier4.gen/sources_1/bd/atelier4/ip/atelier4_v_proc_ss_0_0_1/bd_0/ip/ip_2/src/hls -I /home/raesangur/github/atelier-4/s4InfoAtelier4/s4InfoAtelier4.gen/sources_1/bd/atelier4/ip/atelier4_v_proc_ss_0_0_1/bd_0/ip/ip_2/src  /home/raesangur/github/atelier-4/s4InfoAtelier4/s4InfoAtelier4.gen/sources_1/bd/atelier4/ip/atelier4_v_proc_ss_0_0_1/bd_0/ip/ip_2/src/v_hscaler.h 
INFO: [HLS 200-10] Adding design file '/home/raesangur/github/atelier-4/s4InfoAtelier4/s4InfoAtelier4.gen/sources_1/bd/atelier4/ip/atelier4_v_proc_ss_0_0_1/bd_0/ip/ip_2/src/v_hscaler.h' to the project
Execute     add_files -cflags  -I /home/raesangur/github/atelier-4/s4InfoAtelier4/s4InfoAtelier4.gen/sources_1/bd/atelier4/ip/atelier4_v_proc_ss_0_0_1/bd_0/ip/ip_2/src/hls -I /home/raesangur/github/atelier-4/s4InfoAtelier4/s4InfoAtelier4.gen/sources_1/bd/atelier4/ip/atelier4_v_proc_ss_0_0_1/bd_0/ip/ip_2/src  /home/raesangur/github/atelier-4/s4InfoAtelier4/s4InfoAtelier4.gen/sources_1/bd/atelier4/ip/atelier4_v_proc_ss_0_0_1/bd_0/ip/ip_2/src/hls_video.h 
INFO: [HLS 200-1510] Running: add_files -cflags  -I /home/raesangur/github/atelier-4/s4InfoAtelier4/s4InfoAtelier4.gen/sources_1/bd/atelier4/ip/atelier4_v_proc_ss_0_0_1/bd_0/ip/ip_2/src/hls -I /home/raesangur/github/atelier-4/s4InfoAtelier4/s4InfoAtelier4.gen/sources_1/bd/atelier4/ip/atelier4_v_proc_ss_0_0_1/bd_0/ip/ip_2/src  /home/raesangur/github/atelier-4/s4InfoAtelier4/s4InfoAtelier4.gen/sources_1/bd/atelier4/ip/atelier4_v_proc_ss_0_0_1/bd_0/ip/ip_2/src/hls_video.h 
INFO: [HLS 200-10] Adding design file '/home/raesangur/github/atelier-4/s4InfoAtelier4/s4InfoAtelier4.gen/sources_1/bd/atelier4/ip/atelier4_v_proc_ss_0_0_1/bd_0/ip/ip_2/src/hls_video.h' to the project
Execute     add_files -cflags  -I /home/raesangur/github/atelier-4/s4InfoAtelier4/s4InfoAtelier4.gen/sources_1/bd/atelier4/ip/atelier4_v_proc_ss_0_0_1/bd_0/ip/ip_2/src/hls -I /home/raesangur/github/atelier-4/s4InfoAtelier4/s4InfoAtelier4.gen/sources_1/bd/atelier4/ip/atelier4_v_proc_ss_0_0_1/bd_0/ip/ip_2/src  /home/raesangur/github/atelier-4/s4InfoAtelier4/s4InfoAtelier4.gen/sources_1/bd/atelier4/ip/atelier4_v_proc_ss_0_0_1/bd_0/ip/ip_2/src/hls_opencv.h 
INFO: [HLS 200-1510] Running: add_files -cflags  -I /home/raesangur/github/atelier-4/s4InfoAtelier4/s4InfoAtelier4.gen/sources_1/bd/atelier4/ip/atelier4_v_proc_ss_0_0_1/bd_0/ip/ip_2/src/hls -I /home/raesangur/github/atelier-4/s4InfoAtelier4/s4InfoAtelier4.gen/sources_1/bd/atelier4/ip/atelier4_v_proc_ss_0_0_1/bd_0/ip/ip_2/src  /home/raesangur/github/atelier-4/s4InfoAtelier4/s4InfoAtelier4.gen/sources_1/bd/atelier4/ip/atelier4_v_proc_ss_0_0_1/bd_0/ip/ip_2/src/hls_opencv.h 
INFO: [HLS 200-10] Adding design file '/home/raesangur/github/atelier-4/s4InfoAtelier4/s4InfoAtelier4.gen/sources_1/bd/atelier4/ip/atelier4_v_proc_ss_0_0_1/bd_0/ip/ip_2/src/hls_opencv.h' to the project
Execute     add_files -cflags  -I /home/raesangur/github/atelier-4/s4InfoAtelier4/s4InfoAtelier4.gen/sources_1/bd/atelier4/ip/atelier4_v_proc_ss_0_0_1/bd_0/ip/ip_2/src/hls -I /home/raesangur/github/atelier-4/s4InfoAtelier4/s4InfoAtelier4.gen/sources_1/bd/atelier4/ip/atelier4_v_proc_ss_0_0_1/bd_0/ip/ip_2/src  /home/raesangur/github/atelier-4/s4InfoAtelier4/s4InfoAtelier4.gen/sources_1/bd/atelier4/ip/atelier4_v_proc_ss_0_0_1/bd_0/ip/ip_2/src/hls/hls_axi_io.h 
INFO: [HLS 200-1510] Running: add_files -cflags  -I /home/raesangur/github/atelier-4/s4InfoAtelier4/s4InfoAtelier4.gen/sources_1/bd/atelier4/ip/atelier4_v_proc_ss_0_0_1/bd_0/ip/ip_2/src/hls -I /home/raesangur/github/atelier-4/s4InfoAtelier4/s4InfoAtelier4.gen/sources_1/bd/atelier4/ip/atelier4_v_proc_ss_0_0_1/bd_0/ip/ip_2/src  /home/raesangur/github/atelier-4/s4InfoAtelier4/s4InfoAtelier4.gen/sources_1/bd/atelier4/ip/atelier4_v_proc_ss_0_0_1/bd_0/ip/ip_2/src/hls/hls_axi_io.h 
INFO: [HLS 200-10] Adding design file '/home/raesangur/github/atelier-4/s4InfoAtelier4/s4InfoAtelier4.gen/sources_1/bd/atelier4/ip/atelier4_v_proc_ss_0_0_1/bd_0/ip/ip_2/src/hls/hls_axi_io.h' to the project
Execute     add_files -cflags  -I /home/raesangur/github/atelier-4/s4InfoAtelier4/s4InfoAtelier4.gen/sources_1/bd/atelier4/ip/atelier4_v_proc_ss_0_0_1/bd_0/ip/ip_2/src/hls -I /home/raesangur/github/atelier-4/s4InfoAtelier4/s4InfoAtelier4.gen/sources_1/bd/atelier4/ip/atelier4_v_proc_ss_0_0_1/bd_0/ip/ip_2/src  /home/raesangur/github/atelier-4/s4InfoAtelier4/s4InfoAtelier4.gen/sources_1/bd/atelier4/ip/atelier4_v_proc_ss_0_0_1/bd_0/ip/ip_2/src/hls/hls_video_arithm.h 
INFO: [HLS 200-1510] Running: add_files -cflags  -I /home/raesangur/github/atelier-4/s4InfoAtelier4/s4InfoAtelier4.gen/sources_1/bd/atelier4/ip/atelier4_v_proc_ss_0_0_1/bd_0/ip/ip_2/src/hls -I /home/raesangur/github/atelier-4/s4InfoAtelier4/s4InfoAtelier4.gen/sources_1/bd/atelier4/ip/atelier4_v_proc_ss_0_0_1/bd_0/ip/ip_2/src  /home/raesangur/github/atelier-4/s4InfoAtelier4/s4InfoAtelier4.gen/sources_1/bd/atelier4/ip/atelier4_v_proc_ss_0_0_1/bd_0/ip/ip_2/src/hls/hls_video_arithm.h 
INFO: [HLS 200-10] Adding design file '/home/raesangur/github/atelier-4/s4InfoAtelier4/s4InfoAtelier4.gen/sources_1/bd/atelier4/ip/atelier4_v_proc_ss_0_0_1/bd_0/ip/ip_2/src/hls/hls_video_arithm.h' to the project
Execute     add_files -cflags  -I /home/raesangur/github/atelier-4/s4InfoAtelier4/s4InfoAtelier4.gen/sources_1/bd/atelier4/ip/atelier4_v_proc_ss_0_0_1/bd_0/ip/ip_2/src/hls -I /home/raesangur/github/atelier-4/s4InfoAtelier4/s4InfoAtelier4.gen/sources_1/bd/atelier4/ip/atelier4_v_proc_ss_0_0_1/bd_0/ip/ip_2/src  /home/raesangur/github/atelier-4/s4InfoAtelier4/s4InfoAtelier4.gen/sources_1/bd/atelier4/ip/atelier4_v_proc_ss_0_0_1/bd_0/ip/ip_2/src/hls/hls_video_core.h 
INFO: [HLS 200-1510] Running: add_files -cflags  -I /home/raesangur/github/atelier-4/s4InfoAtelier4/s4InfoAtelier4.gen/sources_1/bd/atelier4/ip/atelier4_v_proc_ss_0_0_1/bd_0/ip/ip_2/src/hls -I /home/raesangur/github/atelier-4/s4InfoAtelier4/s4InfoAtelier4.gen/sources_1/bd/atelier4/ip/atelier4_v_proc_ss_0_0_1/bd_0/ip/ip_2/src  /home/raesangur/github/atelier-4/s4InfoAtelier4/s4InfoAtelier4.gen/sources_1/bd/atelier4/ip/atelier4_v_proc_ss_0_0_1/bd_0/ip/ip_2/src/hls/hls_video_core.h 
INFO: [HLS 200-10] Adding design file '/home/raesangur/github/atelier-4/s4InfoAtelier4/s4InfoAtelier4.gen/sources_1/bd/atelier4/ip/atelier4_v_proc_ss_0_0_1/bd_0/ip/ip_2/src/hls/hls_video_core.h' to the project
Execute     add_files -cflags  -I /home/raesangur/github/atelier-4/s4InfoAtelier4/s4InfoAtelier4.gen/sources_1/bd/atelier4/ip/atelier4_v_proc_ss_0_0_1/bd_0/ip/ip_2/src/hls -I /home/raesangur/github/atelier-4/s4InfoAtelier4/s4InfoAtelier4.gen/sources_1/bd/atelier4/ip/atelier4_v_proc_ss_0_0_1/bd_0/ip/ip_2/src  /home/raesangur/github/atelier-4/s4InfoAtelier4/s4InfoAtelier4.gen/sources_1/bd/atelier4/ip/atelier4_v_proc_ss_0_0_1/bd_0/ip/ip_2/src/hls/hls_video_fast.h 
INFO: [HLS 200-1510] Running: add_files -cflags  -I /home/raesangur/github/atelier-4/s4InfoAtelier4/s4InfoAtelier4.gen/sources_1/bd/atelier4/ip/atelier4_v_proc_ss_0_0_1/bd_0/ip/ip_2/src/hls -I /home/raesangur/github/atelier-4/s4InfoAtelier4/s4InfoAtelier4.gen/sources_1/bd/atelier4/ip/atelier4_v_proc_ss_0_0_1/bd_0/ip/ip_2/src  /home/raesangur/github/atelier-4/s4InfoAtelier4/s4InfoAtelier4.gen/sources_1/bd/atelier4/ip/atelier4_v_proc_ss_0_0_1/bd_0/ip/ip_2/src/hls/hls_video_fast.h 
INFO: [HLS 200-10] Adding design file '/home/raesangur/github/atelier-4/s4InfoAtelier4/s4InfoAtelier4.gen/sources_1/bd/atelier4/ip/atelier4_v_proc_ss_0_0_1/bd_0/ip/ip_2/src/hls/hls_video_fast.h' to the project
Execute     add_files -cflags  -I /home/raesangur/github/atelier-4/s4InfoAtelier4/s4InfoAtelier4.gen/sources_1/bd/atelier4/ip/atelier4_v_proc_ss_0_0_1/bd_0/ip/ip_2/src/hls -I /home/raesangur/github/atelier-4/s4InfoAtelier4/s4InfoAtelier4.gen/sources_1/bd/atelier4/ip/atelier4_v_proc_ss_0_0_1/bd_0/ip/ip_2/src  /home/raesangur/github/atelier-4/s4InfoAtelier4/s4InfoAtelier4.gen/sources_1/bd/atelier4/ip/atelier4_v_proc_ss_0_0_1/bd_0/ip/ip_2/src/hls/hls_video_haar.h 
INFO: [HLS 200-1510] Running: add_files -cflags  -I /home/raesangur/github/atelier-4/s4InfoAtelier4/s4InfoAtelier4.gen/sources_1/bd/atelier4/ip/atelier4_v_proc_ss_0_0_1/bd_0/ip/ip_2/src/hls -I /home/raesangur/github/atelier-4/s4InfoAtelier4/s4InfoAtelier4.gen/sources_1/bd/atelier4/ip/atelier4_v_proc_ss_0_0_1/bd_0/ip/ip_2/src  /home/raesangur/github/atelier-4/s4InfoAtelier4/s4InfoAtelier4.gen/sources_1/bd/atelier4/ip/atelier4_v_proc_ss_0_0_1/bd_0/ip/ip_2/src/hls/hls_video_haar.h 
INFO: [HLS 200-10] Adding design file '/home/raesangur/github/atelier-4/s4InfoAtelier4/s4InfoAtelier4.gen/sources_1/bd/atelier4/ip/atelier4_v_proc_ss_0_0_1/bd_0/ip/ip_2/src/hls/hls_video_haar.h' to the project
Execute     add_files -cflags  -I /home/raesangur/github/atelier-4/s4InfoAtelier4/s4InfoAtelier4.gen/sources_1/bd/atelier4/ip/atelier4_v_proc_ss_0_0_1/bd_0/ip/ip_2/src/hls -I /home/raesangur/github/atelier-4/s4InfoAtelier4/s4InfoAtelier4.gen/sources_1/bd/atelier4/ip/atelier4_v_proc_ss_0_0_1/bd_0/ip/ip_2/src  /home/raesangur/github/atelier-4/s4InfoAtelier4/s4InfoAtelier4.gen/sources_1/bd/atelier4/ip/atelier4_v_proc_ss_0_0_1/bd_0/ip/ip_2/src/hls/hls_video_harris.h 
INFO: [HLS 200-1510] Running: add_files -cflags  -I /home/raesangur/github/atelier-4/s4InfoAtelier4/s4InfoAtelier4.gen/sources_1/bd/atelier4/ip/atelier4_v_proc_ss_0_0_1/bd_0/ip/ip_2/src/hls -I /home/raesangur/github/atelier-4/s4InfoAtelier4/s4InfoAtelier4.gen/sources_1/bd/atelier4/ip/atelier4_v_proc_ss_0_0_1/bd_0/ip/ip_2/src  /home/raesangur/github/atelier-4/s4InfoAtelier4/s4InfoAtelier4.gen/sources_1/bd/atelier4/ip/atelier4_v_proc_ss_0_0_1/bd_0/ip/ip_2/src/hls/hls_video_harris.h 
INFO: [HLS 200-10] Adding design file '/home/raesangur/github/atelier-4/s4InfoAtelier4/s4InfoAtelier4.gen/sources_1/bd/atelier4/ip/atelier4_v_proc_ss_0_0_1/bd_0/ip/ip_2/src/hls/hls_video_harris.h' to the project
Execute     add_files -cflags  -I /home/raesangur/github/atelier-4/s4InfoAtelier4/s4InfoAtelier4.gen/sources_1/bd/atelier4/ip/atelier4_v_proc_ss_0_0_1/bd_0/ip/ip_2/src/hls -I /home/raesangur/github/atelier-4/s4InfoAtelier4/s4InfoAtelier4.gen/sources_1/bd/atelier4/ip/atelier4_v_proc_ss_0_0_1/bd_0/ip/ip_2/src  /home/raesangur/github/atelier-4/s4InfoAtelier4/s4InfoAtelier4.gen/sources_1/bd/atelier4/ip/atelier4_v_proc_ss_0_0_1/bd_0/ip/ip_2/src/hls/hls_video_histogram.h 
INFO: [HLS 200-1510] Running: add_files -cflags  -I /home/raesangur/github/atelier-4/s4InfoAtelier4/s4InfoAtelier4.gen/sources_1/bd/atelier4/ip/atelier4_v_proc_ss_0_0_1/bd_0/ip/ip_2/src/hls -I /home/raesangur/github/atelier-4/s4InfoAtelier4/s4InfoAtelier4.gen/sources_1/bd/atelier4/ip/atelier4_v_proc_ss_0_0_1/bd_0/ip/ip_2/src  /home/raesangur/github/atelier-4/s4InfoAtelier4/s4InfoAtelier4.gen/sources_1/bd/atelier4/ip/atelier4_v_proc_ss_0_0_1/bd_0/ip/ip_2/src/hls/hls_video_histogram.h 
INFO: [HLS 200-10] Adding design file '/home/raesangur/github/atelier-4/s4InfoAtelier4/s4InfoAtelier4.gen/sources_1/bd/atelier4/ip/atelier4_v_proc_ss_0_0_1/bd_0/ip/ip_2/src/hls/hls_video_histogram.h' to the project
Execute     add_files -cflags  -I /home/raesangur/github/atelier-4/s4InfoAtelier4/s4InfoAtelier4.gen/sources_1/bd/atelier4/ip/atelier4_v_proc_ss_0_0_1/bd_0/ip/ip_2/src/hls -I /home/raesangur/github/atelier-4/s4InfoAtelier4/s4InfoAtelier4.gen/sources_1/bd/atelier4/ip/atelier4_v_proc_ss_0_0_1/bd_0/ip/ip_2/src  /home/raesangur/github/atelier-4/s4InfoAtelier4/s4InfoAtelier4.gen/sources_1/bd/atelier4/ip/atelier4_v_proc_ss_0_0_1/bd_0/ip/ip_2/src/hls/hls_video_hough.h 
INFO: [HLS 200-1510] Running: add_files -cflags  -I /home/raesangur/github/atelier-4/s4InfoAtelier4/s4InfoAtelier4.gen/sources_1/bd/atelier4/ip/atelier4_v_proc_ss_0_0_1/bd_0/ip/ip_2/src/hls -I /home/raesangur/github/atelier-4/s4InfoAtelier4/s4InfoAtelier4.gen/sources_1/bd/atelier4/ip/atelier4_v_proc_ss_0_0_1/bd_0/ip/ip_2/src  /home/raesangur/github/atelier-4/s4InfoAtelier4/s4InfoAtelier4.gen/sources_1/bd/atelier4/ip/atelier4_v_proc_ss_0_0_1/bd_0/ip/ip_2/src/hls/hls_video_hough.h 
INFO: [HLS 200-10] Adding design file '/home/raesangur/github/atelier-4/s4InfoAtelier4/s4InfoAtelier4.gen/sources_1/bd/atelier4/ip/atelier4_v_proc_ss_0_0_1/bd_0/ip/ip_2/src/hls/hls_video_hough.h' to the project
Execute     add_files -cflags  -I /home/raesangur/github/atelier-4/s4InfoAtelier4/s4InfoAtelier4.gen/sources_1/bd/atelier4/ip/atelier4_v_proc_ss_0_0_1/bd_0/ip/ip_2/src/hls -I /home/raesangur/github/atelier-4/s4InfoAtelier4/s4InfoAtelier4.gen/sources_1/bd/atelier4/ip/atelier4_v_proc_ss_0_0_1/bd_0/ip/ip_2/src  /home/raesangur/github/atelier-4/s4InfoAtelier4/s4InfoAtelier4.gen/sources_1/bd/atelier4/ip/atelier4_v_proc_ss_0_0_1/bd_0/ip/ip_2/src/hls/hls_video_imgbase.h 
INFO: [HLS 200-1510] Running: add_files -cflags  -I /home/raesangur/github/atelier-4/s4InfoAtelier4/s4InfoAtelier4.gen/sources_1/bd/atelier4/ip/atelier4_v_proc_ss_0_0_1/bd_0/ip/ip_2/src/hls -I /home/raesangur/github/atelier-4/s4InfoAtelier4/s4InfoAtelier4.gen/sources_1/bd/atelier4/ip/atelier4_v_proc_ss_0_0_1/bd_0/ip/ip_2/src  /home/raesangur/github/atelier-4/s4InfoAtelier4/s4InfoAtelier4.gen/sources_1/bd/atelier4/ip/atelier4_v_proc_ss_0_0_1/bd_0/ip/ip_2/src/hls/hls_video_imgbase.h 
INFO: [HLS 200-10] Adding design file '/home/raesangur/github/atelier-4/s4InfoAtelier4/s4InfoAtelier4.gen/sources_1/bd/atelier4/ip/atelier4_v_proc_ss_0_0_1/bd_0/ip/ip_2/src/hls/hls_video_imgbase.h' to the project
Execute     add_files -cflags  -I /home/raesangur/github/atelier-4/s4InfoAtelier4/s4InfoAtelier4.gen/sources_1/bd/atelier4/ip/atelier4_v_proc_ss_0_0_1/bd_0/ip/ip_2/src/hls -I /home/raesangur/github/atelier-4/s4InfoAtelier4/s4InfoAtelier4.gen/sources_1/bd/atelier4/ip/atelier4_v_proc_ss_0_0_1/bd_0/ip/ip_2/src  /home/raesangur/github/atelier-4/s4InfoAtelier4/s4InfoAtelier4.gen/sources_1/bd/atelier4/ip/atelier4_v_proc_ss_0_0_1/bd_0/ip/ip_2/src/hls/hls_video_imgproc.h 
INFO: [HLS 200-1510] Running: add_files -cflags  -I /home/raesangur/github/atelier-4/s4InfoAtelier4/s4InfoAtelier4.gen/sources_1/bd/atelier4/ip/atelier4_v_proc_ss_0_0_1/bd_0/ip/ip_2/src/hls -I /home/raesangur/github/atelier-4/s4InfoAtelier4/s4InfoAtelier4.gen/sources_1/bd/atelier4/ip/atelier4_v_proc_ss_0_0_1/bd_0/ip/ip_2/src  /home/raesangur/github/atelier-4/s4InfoAtelier4/s4InfoAtelier4.gen/sources_1/bd/atelier4/ip/atelier4_v_proc_ss_0_0_1/bd_0/ip/ip_2/src/hls/hls_video_imgproc.h 
INFO: [HLS 200-10] Adding design file '/home/raesangur/github/atelier-4/s4InfoAtelier4/s4InfoAtelier4.gen/sources_1/bd/atelier4/ip/atelier4_v_proc_ss_0_0_1/bd_0/ip/ip_2/src/hls/hls_video_imgproc.h' to the project
Execute     add_files -cflags  -I /home/raesangur/github/atelier-4/s4InfoAtelier4/s4InfoAtelier4.gen/sources_1/bd/atelier4/ip/atelier4_v_proc_ss_0_0_1/bd_0/ip/ip_2/src/hls -I /home/raesangur/github/atelier-4/s4InfoAtelier4/s4InfoAtelier4.gen/sources_1/bd/atelier4/ip/atelier4_v_proc_ss_0_0_1/bd_0/ip/ip_2/src  /home/raesangur/github/atelier-4/s4InfoAtelier4/s4InfoAtelier4.gen/sources_1/bd/atelier4/ip/atelier4_v_proc_ss_0_0_1/bd_0/ip/ip_2/src/hls/hls_video_io.h 
INFO: [HLS 200-1510] Running: add_files -cflags  -I /home/raesangur/github/atelier-4/s4InfoAtelier4/s4InfoAtelier4.gen/sources_1/bd/atelier4/ip/atelier4_v_proc_ss_0_0_1/bd_0/ip/ip_2/src/hls -I /home/raesangur/github/atelier-4/s4InfoAtelier4/s4InfoAtelier4.gen/sources_1/bd/atelier4/ip/atelier4_v_proc_ss_0_0_1/bd_0/ip/ip_2/src  /home/raesangur/github/atelier-4/s4InfoAtelier4/s4InfoAtelier4.gen/sources_1/bd/atelier4/ip/atelier4_v_proc_ss_0_0_1/bd_0/ip/ip_2/src/hls/hls_video_io.h 
INFO: [HLS 200-10] Adding design file '/home/raesangur/github/atelier-4/s4InfoAtelier4/s4InfoAtelier4.gen/sources_1/bd/atelier4/ip/atelier4_v_proc_ss_0_0_1/bd_0/ip/ip_2/src/hls/hls_video_io.h' to the project
Execute     add_files -cflags  -I /home/raesangur/github/atelier-4/s4InfoAtelier4/s4InfoAtelier4.gen/sources_1/bd/atelier4/ip/atelier4_v_proc_ss_0_0_1/bd_0/ip/ip_2/src/hls -I /home/raesangur/github/atelier-4/s4InfoAtelier4/s4InfoAtelier4.gen/sources_1/bd/atelier4/ip/atelier4_v_proc_ss_0_0_1/bd_0/ip/ip_2/src  /home/raesangur/github/atelier-4/s4InfoAtelier4/s4InfoAtelier4.gen/sources_1/bd/atelier4/ip/atelier4_v_proc_ss_0_0_1/bd_0/ip/ip_2/src/hls/hls_video_mem.h 
INFO: [HLS 200-1510] Running: add_files -cflags  -I /home/raesangur/github/atelier-4/s4InfoAtelier4/s4InfoAtelier4.gen/sources_1/bd/atelier4/ip/atelier4_v_proc_ss_0_0_1/bd_0/ip/ip_2/src/hls -I /home/raesangur/github/atelier-4/s4InfoAtelier4/s4InfoAtelier4.gen/sources_1/bd/atelier4/ip/atelier4_v_proc_ss_0_0_1/bd_0/ip/ip_2/src  /home/raesangur/github/atelier-4/s4InfoAtelier4/s4InfoAtelier4.gen/sources_1/bd/atelier4/ip/atelier4_v_proc_ss_0_0_1/bd_0/ip/ip_2/src/hls/hls_video_mem.h 
INFO: [HLS 200-10] Adding design file '/home/raesangur/github/atelier-4/s4InfoAtelier4/s4InfoAtelier4.gen/sources_1/bd/atelier4/ip/atelier4_v_proc_ss_0_0_1/bd_0/ip/ip_2/src/hls/hls_video_mem.h' to the project
Execute     add_files -cflags  -I /home/raesangur/github/atelier-4/s4InfoAtelier4/s4InfoAtelier4.gen/sources_1/bd/atelier4/ip/atelier4_v_proc_ss_0_0_1/bd_0/ip/ip_2/src/hls -I /home/raesangur/github/atelier-4/s4InfoAtelier4/s4InfoAtelier4.gen/sources_1/bd/atelier4/ip/atelier4_v_proc_ss_0_0_1/bd_0/ip/ip_2/src  /home/raesangur/github/atelier-4/s4InfoAtelier4/s4InfoAtelier4.gen/sources_1/bd/atelier4/ip/atelier4_v_proc_ss_0_0_1/bd_0/ip/ip_2/src/hls/hls_video_stereobm.h 
INFO: [HLS 200-1510] Running: add_files -cflags  -I /home/raesangur/github/atelier-4/s4InfoAtelier4/s4InfoAtelier4.gen/sources_1/bd/atelier4/ip/atelier4_v_proc_ss_0_0_1/bd_0/ip/ip_2/src/hls -I /home/raesangur/github/atelier-4/s4InfoAtelier4/s4InfoAtelier4.gen/sources_1/bd/atelier4/ip/atelier4_v_proc_ss_0_0_1/bd_0/ip/ip_2/src  /home/raesangur/github/atelier-4/s4InfoAtelier4/s4InfoAtelier4.gen/sources_1/bd/atelier4/ip/atelier4_v_proc_ss_0_0_1/bd_0/ip/ip_2/src/hls/hls_video_stereobm.h 
INFO: [HLS 200-10] Adding design file '/home/raesangur/github/atelier-4/s4InfoAtelier4/s4InfoAtelier4.gen/sources_1/bd/atelier4/ip/atelier4_v_proc_ss_0_0_1/bd_0/ip/ip_2/src/hls/hls_video_stereobm.h' to the project
Execute     add_files -cflags  -I /home/raesangur/github/atelier-4/s4InfoAtelier4/s4InfoAtelier4.gen/sources_1/bd/atelier4/ip/atelier4_v_proc_ss_0_0_1/bd_0/ip/ip_2/src/hls -I /home/raesangur/github/atelier-4/s4InfoAtelier4/s4InfoAtelier4.gen/sources_1/bd/atelier4/ip/atelier4_v_proc_ss_0_0_1/bd_0/ip/ip_2/src  /home/raesangur/github/atelier-4/s4InfoAtelier4/s4InfoAtelier4.gen/sources_1/bd/atelier4/ip/atelier4_v_proc_ss_0_0_1/bd_0/ip/ip_2/src/hls/hls_video_types.h 
INFO: [HLS 200-1510] Running: add_files -cflags  -I /home/raesangur/github/atelier-4/s4InfoAtelier4/s4InfoAtelier4.gen/sources_1/bd/atelier4/ip/atelier4_v_proc_ss_0_0_1/bd_0/ip/ip_2/src/hls -I /home/raesangur/github/atelier-4/s4InfoAtelier4/s4InfoAtelier4.gen/sources_1/bd/atelier4/ip/atelier4_v_proc_ss_0_0_1/bd_0/ip/ip_2/src  /home/raesangur/github/atelier-4/s4InfoAtelier4/s4InfoAtelier4.gen/sources_1/bd/atelier4/ip/atelier4_v_proc_ss_0_0_1/bd_0/ip/ip_2/src/hls/hls_video_types.h 
INFO: [HLS 200-10] Adding design file '/home/raesangur/github/atelier-4/s4InfoAtelier4/s4InfoAtelier4.gen/sources_1/bd/atelier4/ip/atelier4_v_proc_ss_0_0_1/bd_0/ip/ip_2/src/hls/hls_video_types.h' to the project
Execute     add_files -cflags  -I /home/raesangur/github/atelier-4/s4InfoAtelier4/s4InfoAtelier4.gen/sources_1/bd/atelier4/ip/atelier4_v_proc_ss_0_0_1/bd_0/ip/ip_2/src/hls -I /home/raesangur/github/atelier-4/s4InfoAtelier4/s4InfoAtelier4.gen/sources_1/bd/atelier4/ip/atelier4_v_proc_ss_0_0_1/bd_0/ip/ip_2/src  /home/raesangur/github/atelier-4/s4InfoAtelier4/s4InfoAtelier4.gen/sources_1/bd/atelier4/ip/atelier4_v_proc_ss_0_0_1/bd_0/ip/ip_2/src/hls/hls_video_undistort.h 
INFO: [HLS 200-1510] Running: add_files -cflags  -I /home/raesangur/github/atelier-4/s4InfoAtelier4/s4InfoAtelier4.gen/sources_1/bd/atelier4/ip/atelier4_v_proc_ss_0_0_1/bd_0/ip/ip_2/src/hls -I /home/raesangur/github/atelier-4/s4InfoAtelier4/s4InfoAtelier4.gen/sources_1/bd/atelier4/ip/atelier4_v_proc_ss_0_0_1/bd_0/ip/ip_2/src  /home/raesangur/github/atelier-4/s4InfoAtelier4/s4InfoAtelier4.gen/sources_1/bd/atelier4/ip/atelier4_v_proc_ss_0_0_1/bd_0/ip/ip_2/src/hls/hls_video_undistort.h 
INFO: [HLS 200-10] Adding design file '/home/raesangur/github/atelier-4/s4InfoAtelier4/s4InfoAtelier4.gen/sources_1/bd/atelier4/ip/atelier4_v_proc_ss_0_0_1/bd_0/ip/ip_2/src/hls/hls_video_undistort.h' to the project
Execute     create_clock -period 13.468 -name ap_clk 
INFO: [HLS 200-1510] Running: create_clock -period 13.468 -name ap_clk 
Execute       ap_set_clock -name ap_clk -period 13.468 -default=false 
INFO: [SYN 201-201] Setting up clock 'ap_clk' with a period of 13.468ns.
Execute     config_schedule -verbose 
INFO: [HLS 200-1510] Running: config_schedule -verbose 
WARNING: [HLS 200-484] The 'config_schedule -verbose' command is deprecated and will be removed in a future release.
Execute     config_rtl -prefix bd_0837_hsc_0_ 
INFO: [HLS 200-1510] Running: config_rtl -prefix bd_0837_hsc_0_ 
WARNING: [HLS 200-483] The 'config_rtl -prefix' command is deprecated and will be removed in a future release. Use 'config_rtl -module_prefix' as its replacement.
Execute     csynth_design 
INFO: [HLS 200-1510] Running: csynth_design 
Execute       get_config_compile -effort 
Execute       get_config_compile -enable_clang39 
Execute       get_config_compile -g 
Execute       get_config_compile -ng 
Execute       get_config_compile -opt_fp 
Execute       get_config_compile -skip_cdt 
Execute       get_config_compile -skip_syncheck 
Execute       get_config_compile -skip_transform 
Execute       get_config_compile -keep_printf 
Execute       elaborate -effort=medium -skip_syncheck=0 -keep_printf=0 -skip_cdt=0 -skip_transform=0 -ng=0 -g=0 -opt_fp=0 -from_csynth_design=1 
INFO: [HLS 200-111] Finished File checks and directory preparation: CPU user time: 0 seconds. CPU system time: 0 seconds. Elapsed time: 0.01 seconds; current allocated memory: 99.063 MB.
INFO: [HLS 200-10] Analyzing design file '/home/raesangur/github/atelier-4/s4InfoAtelier4/s4InfoAtelier4.gen/sources_1/bd/atelier4/ip/atelier4_v_proc_ss_0_0_1/bd_0/ip/ip_2/src/v_hscaler.cpp' ... 
INFO-FLOW: Compiling one TU...
Execute         get_config_compile -pragma_strict_mode 
INFO-FLOW: Handling /home/raesangur/github/atelier-4/s4InfoAtelier4/s4InfoAtelier4.gen/sources_1/bd/atelier4/ip/atelier4_v_proc_ss_0_0_1/bd_0/ip/ip_2/src/v_hscaler.cpp as C++
Execute         ap_part_info -name xc7z010-clg400-1 -data info 
INFO-FLOW: Running: GCC PP 39
INFO-FLOW: Source preprocessing
Execute         ap_eval exec -ignorestderr /usr/share/Xilinx/Vitis_HLS/2020.2/lnx64/tools/clang-3.9-csynth/bin/clang /home/raesangur/github/atelier-4/s4InfoAtelier4/s4InfoAtelier4.runs/bd_0837_hsc_0_synth_1/bd_0837_hsc_0/prj/.autopilot/db/v_hscaler.cpp -foptimization-record-file=/home/raesangur/github/atelier-4/s4InfoAtelier4/s4InfoAtelier4.runs/bd_0837_hsc_0_synth_1/bd_0837_hsc_0/prj/.autopilot/db/clang.v_hscaler.cpp.diag.yml -mllvm -pass-remarks-missed=reflow|pasta|unroll -mllvm -pass-remarks=reflow|pasta|unroll|inline -fno-limit-debug-info -gcc-toolchain /usr/share/Xilinx/Vitis_HLS/2020.2/tps/lnx64/gcc-6.2.0 -fhls -fno-exceptions -E -I/home/raesangur/github/atelier-4/s4InfoAtelier4/s4InfoAtelier4.gen/sources_1/bd/atelier4/ip/atelier4_v_proc_ss_0_0_1/bd_0/ip/ip_2/src/hls -I/home/raesangur/github/atelier-4/s4InfoAtelier4/s4InfoAtelier4.gen/sources_1/bd/atelier4/ip/atelier4_v_proc_ss_0_0_1/bd_0/ip/ip_2/src -fno-math-errno -c -emit-llvm -mllvm -disable-llvm-optzns -Werror=implicit-function-declaration -Werror=implicit-hls-streams -Werror=return-type -Wpragmas -Wunused-parameter -fno-threadsafe-statics -fno-use-cxa-atexit -std=gnu++14 -target fpga64-xilinx-linux-gnu -fno-threadsafe-statics -fno-use-cxa-atexit -I /usr/share/Xilinx/Vitis_HLS/2020.2/common/technology/autopilot/39 -D__VITIS_HLS__ -DAESL_SYN -D__SYNTHESIS__ -D__HLS_SYN__ -I /usr/share/Xilinx/Vitis_HLS/2020.2/common/technology/autopilot -I /usr/share/Xilinx/Vitis_HLS/2020.2/common/technology/autopilot/ap_sysc -include etc/autopilot_ssdm_op.h -D__DSP48E1__ -o /home/raesangur/github/atelier-4/s4InfoAtelier4/s4InfoAtelier4.runs/bd_0837_hsc_0_synth_1/bd_0837_hsc_0/prj/.autopilot/db/v_hscaler.pp.0.cpp > /home/raesangur/github/atelier-4/s4InfoAtelier4/s4InfoAtelier4.runs/bd_0837_hsc_0_synth_1/bd_0837_hsc_0/prj/.autopilot/db/clang.v_hscaler.cpp.out.log 2> /home/raesangur/github/atelier-4/s4InfoAtelier4/s4InfoAtelier4.runs/bd_0837_hsc_0_synth_1/bd_0837_hsc_0/prj/.autopilot/db/clang.v_hscaler.cpp.err.log 
Command         ap_eval done; error code: 1; 0.36 sec.
ERROR: [HLS 207-812] 'bits/wordsize.h' file not found: /usr/include/features-time64.h:20:10
Command       elaborate done; error code: 2; 0.94 sec.
Command     csynth_design done; error code: 2; 0.95 sec.
INFO: [HLS 200-111] Finished Command csynth_design CPU user time: 1.48 seconds. CPU system time: 0.08 seconds. Elapsed time: 0.95 seconds; current allocated memory: 99.811 MB.
Command   ap_source done; error code: 1; 2.73 sec.
Execute   cleanup_all 
