==============================================================
Vitis HLS - High-Level Synthesis from C, C++ and OpenCL v2020.2 (64-bit)
Copyright 1986-2020 Xilinx, Inc. All Rights Reserved.
==============================================================
INFO: [HLS 200-1505] Using default flow_target 'vivado'
INFO: [HLS 200-1510] Running: set_part xc7z010clg400-1 
INFO: [HLS 200-10] Setting target device to 'xc7z010-clg400-1'
INFO: [HLS 200-1510] Running: add_files -cflags  -I /home/raesangur/github/atelier-4/s4InfoAtelier4/s4InfoAtelier4.gen/sources_1/bd/atelier4/ip/atelier4_v_proc_ss_0_0_1/bd_0/ip/ip_2/src/hls -I /home/raesangur/github/atelier-4/s4InfoAtelier4/s4InfoAtelier4.gen/sources_1/bd/atelier4/ip/atelier4_v_proc_ss_0_0_1/bd_0/ip/ip_2/src  /home/raesangur/github/atelier-4/s4InfoAtelier4/s4InfoAtelier4.gen/sources_1/bd/atelier4/ip/atelier4_v_proc_ss_0_0_1/bd_0/ip/ip_2/src/v_hscaler_config.h 
INFO: [HLS 200-10] Adding design file '/home/raesangur/github/atelier-4/s4InfoAtelier4/s4InfoAtelier4.gen/sources_1/bd/atelier4/ip/atelier4_v_proc_ss_0_0_1/bd_0/ip/ip_2/src/v_hscaler_config.h' to the project
INFO: [HLS 200-1510] Running: add_files -cflags  -I /home/raesangur/github/atelier-4/s4InfoAtelier4/s4InfoAtelier4.gen/sources_1/bd/atelier4/ip/atelier4_v_proc_ss_0_0_1/bd_0/ip/ip_2/src/hls -I /home/raesangur/github/atelier-4/s4InfoAtelier4/s4InfoAtelier4.gen/sources_1/bd/atelier4/ip/atelier4_v_proc_ss_0_0_1/bd_0/ip/ip_2/src  /home/raesangur/github/atelier-4/s4InfoAtelier4/s4InfoAtelier4.gen/sources_1/bd/atelier4/ip/atelier4_v_proc_ss_0_0_1/bd_0/ip/ip_2/src/v_hscaler.cpp 
INFO: [HLS 200-10] Adding design file '/home/raesangur/github/atelier-4/s4InfoAtelier4/s4InfoAtelier4.gen/sources_1/bd/atelier4/ip/atelier4_v_proc_ss_0_0_1/bd_0/ip/ip_2/src/v_hscaler.cpp' to the project
INFO: [HLS 200-1510] Running: add_files -cflags  -I /home/raesangur/github/atelier-4/s4InfoAtelier4/s4InfoAtelier4.gen/sources_1/bd/atelier4/ip/atelier4_v_proc_ss_0_0_1/bd_0/ip/ip_2/src/hls -I /home/raesangur/github/atelier-4/s4InfoAtelier4/s4InfoAtelier4.gen/sources_1/bd/atelier4/ip/atelier4_v_proc_ss_0_0_1/bd_0/ip/ip_2/src  /home/raesangur/github/atelier-4/s4InfoAtelier4/s4InfoAtelier4.gen/sources_1/bd/atelier4/ip/atelier4_v_proc_ss_0_0_1/bd_0/ip/ip_2/src/v_hscaler.h 
INFO: [HLS 200-10] Adding design file '/home/raesangur/github/atelier-4/s4InfoAtelier4/s4InfoAtelier4.gen/sources_1/bd/atelier4/ip/atelier4_v_proc_ss_0_0_1/bd_0/ip/ip_2/src/v_hscaler.h' to the project
INFO: [HLS 200-1510] Running: add_files -cflags  -I /home/raesangur/github/atelier-4/s4InfoAtelier4/s4InfoAtelier4.gen/sources_1/bd/atelier4/ip/atelier4_v_proc_ss_0_0_1/bd_0/ip/ip_2/src/hls -I /home/raesangur/github/atelier-4/s4InfoAtelier4/s4InfoAtelier4.gen/sources_1/bd/atelier4/ip/atelier4_v_proc_ss_0_0_1/bd_0/ip/ip_2/src  /home/raesangur/github/atelier-4/s4InfoAtelier4/s4InfoAtelier4.gen/sources_1/bd/atelier4/ip/atelier4_v_proc_ss_0_0_1/bd_0/ip/ip_2/src/hls_video.h 
INFO: [HLS 200-10] Adding design file '/home/raesangur/github/atelier-4/s4InfoAtelier4/s4InfoAtelier4.gen/sources_1/bd/atelier4/ip/atelier4_v_proc_ss_0_0_1/bd_0/ip/ip_2/src/hls_video.h' to the project
INFO: [HLS 200-1510] Running: add_files -cflags  -I /home/raesangur/github/atelier-4/s4InfoAtelier4/s4InfoAtelier4.gen/sources_1/bd/atelier4/ip/atelier4_v_proc_ss_0_0_1/bd_0/ip/ip_2/src/hls -I /home/raesangur/github/atelier-4/s4InfoAtelier4/s4InfoAtelier4.gen/sources_1/bd/atelier4/ip/atelier4_v_proc_ss_0_0_1/bd_0/ip/ip_2/src  /home/raesangur/github/atelier-4/s4InfoAtelier4/s4InfoAtelier4.gen/sources_1/bd/atelier4/ip/atelier4_v_proc_ss_0_0_1/bd_0/ip/ip_2/src/hls_opencv.h 
INFO: [HLS 200-10] Adding design file '/home/raesangur/github/atelier-4/s4InfoAtelier4/s4InfoAtelier4.gen/sources_1/bd/atelier4/ip/atelier4_v_proc_ss_0_0_1/bd_0/ip/ip_2/src/hls_opencv.h' to the project
INFO: [HLS 200-1510] Running: add_files -cflags  -I /home/raesangur/github/atelier-4/s4InfoAtelier4/s4InfoAtelier4.gen/sources_1/bd/atelier4/ip/atelier4_v_proc_ss_0_0_1/bd_0/ip/ip_2/src/hls -I /home/raesangur/github/atelier-4/s4InfoAtelier4/s4InfoAtelier4.gen/sources_1/bd/atelier4/ip/atelier4_v_proc_ss_0_0_1/bd_0/ip/ip_2/src  /home/raesangur/github/atelier-4/s4InfoAtelier4/s4InfoAtelier4.gen/sources_1/bd/atelier4/ip/atelier4_v_proc_ss_0_0_1/bd_0/ip/ip_2/src/hls/hls_axi_io.h 
INFO: [HLS 200-10] Adding design file '/home/raesangur/github/atelier-4/s4InfoAtelier4/s4InfoAtelier4.gen/sources_1/bd/atelier4/ip/atelier4_v_proc_ss_0_0_1/bd_0/ip/ip_2/src/hls/hls_axi_io.h' to the project
INFO: [HLS 200-1510] Running: add_files -cflags  -I /home/raesangur/github/atelier-4/s4InfoAtelier4/s4InfoAtelier4.gen/sources_1/bd/atelier4/ip/atelier4_v_proc_ss_0_0_1/bd_0/ip/ip_2/src/hls -I /home/raesangur/github/atelier-4/s4InfoAtelier4/s4InfoAtelier4.gen/sources_1/bd/atelier4/ip/atelier4_v_proc_ss_0_0_1/bd_0/ip/ip_2/src  /home/raesangur/github/atelier-4/s4InfoAtelier4/s4InfoAtelier4.gen/sources_1/bd/atelier4/ip/atelier4_v_proc_ss_0_0_1/bd_0/ip/ip_2/src/hls/hls_video_arithm.h 
INFO: [HLS 200-10] Adding design file '/home/raesangur/github/atelier-4/s4InfoAtelier4/s4InfoAtelier4.gen/sources_1/bd/atelier4/ip/atelier4_v_proc_ss_0_0_1/bd_0/ip/ip_2/src/hls/hls_video_arithm.h' to the project
INFO: [HLS 200-1510] Running: add_files -cflags  -I /home/raesangur/github/atelier-4/s4InfoAtelier4/s4InfoAtelier4.gen/sources_1/bd/atelier4/ip/atelier4_v_proc_ss_0_0_1/bd_0/ip/ip_2/src/hls -I /home/raesangur/github/atelier-4/s4InfoAtelier4/s4InfoAtelier4.gen/sources_1/bd/atelier4/ip/atelier4_v_proc_ss_0_0_1/bd_0/ip/ip_2/src  /home/raesangur/github/atelier-4/s4InfoAtelier4/s4InfoAtelier4.gen/sources_1/bd/atelier4/ip/atelier4_v_proc_ss_0_0_1/bd_0/ip/ip_2/src/hls/hls_video_core.h 
INFO: [HLS 200-10] Adding design file '/home/raesangur/github/atelier-4/s4InfoAtelier4/s4InfoAtelier4.gen/sources_1/bd/atelier4/ip/atelier4_v_proc_ss_0_0_1/bd_0/ip/ip_2/src/hls/hls_video_core.h' to the project
INFO: [HLS 200-1510] Running: add_files -cflags  -I /home/raesangur/github/atelier-4/s4InfoAtelier4/s4InfoAtelier4.gen/sources_1/bd/atelier4/ip/atelier4_v_proc_ss_0_0_1/bd_0/ip/ip_2/src/hls -I /home/raesangur/github/atelier-4/s4InfoAtelier4/s4InfoAtelier4.gen/sources_1/bd/atelier4/ip/atelier4_v_proc_ss_0_0_1/bd_0/ip/ip_2/src  /home/raesangur/github/atelier-4/s4InfoAtelier4/s4InfoAtelier4.gen/sources_1/bd/atelier4/ip/atelier4_v_proc_ss_0_0_1/bd_0/ip/ip_2/src/hls/hls_video_fast.h 
INFO: [HLS 200-10] Adding design file '/home/raesangur/github/atelier-4/s4InfoAtelier4/s4InfoAtelier4.gen/sources_1/bd/atelier4/ip/atelier4_v_proc_ss_0_0_1/bd_0/ip/ip_2/src/hls/hls_video_fast.h' to the project
INFO: [HLS 200-1510] Running: add_files -cflags  -I /home/raesangur/github/atelier-4/s4InfoAtelier4/s4InfoAtelier4.gen/sources_1/bd/atelier4/ip/atelier4_v_proc_ss_0_0_1/bd_0/ip/ip_2/src/hls -I /home/raesangur/github/atelier-4/s4InfoAtelier4/s4InfoAtelier4.gen/sources_1/bd/atelier4/ip/atelier4_v_proc_ss_0_0_1/bd_0/ip/ip_2/src  /home/raesangur/github/atelier-4/s4InfoAtelier4/s4InfoAtelier4.gen/sources_1/bd/atelier4/ip/atelier4_v_proc_ss_0_0_1/bd_0/ip/ip_2/src/hls/hls_video_haar.h 
INFO: [HLS 200-10] Adding design file '/home/raesangur/github/atelier-4/s4InfoAtelier4/s4InfoAtelier4.gen/sources_1/bd/atelier4/ip/atelier4_v_proc_ss_0_0_1/bd_0/ip/ip_2/src/hls/hls_video_haar.h' to the project
INFO: [HLS 200-1510] Running: add_files -cflags  -I /home/raesangur/github/atelier-4/s4InfoAtelier4/s4InfoAtelier4.gen/sources_1/bd/atelier4/ip/atelier4_v_proc_ss_0_0_1/bd_0/ip/ip_2/src/hls -I /home/raesangur/github/atelier-4/s4InfoAtelier4/s4InfoAtelier4.gen/sources_1/bd/atelier4/ip/atelier4_v_proc_ss_0_0_1/bd_0/ip/ip_2/src  /home/raesangur/github/atelier-4/s4InfoAtelier4/s4InfoAtelier4.gen/sources_1/bd/atelier4/ip/atelier4_v_proc_ss_0_0_1/bd_0/ip/ip_2/src/hls/hls_video_harris.h 
INFO: [HLS 200-10] Adding design file '/home/raesangur/github/atelier-4/s4InfoAtelier4/s4InfoAtelier4.gen/sources_1/bd/atelier4/ip/atelier4_v_proc_ss_0_0_1/bd_0/ip/ip_2/src/hls/hls_video_harris.h' to the project
INFO: [HLS 200-1510] Running: add_files -cflags  -I /home/raesangur/github/atelier-4/s4InfoAtelier4/s4InfoAtelier4.gen/sources_1/bd/atelier4/ip/atelier4_v_proc_ss_0_0_1/bd_0/ip/ip_2/src/hls -I /home/raesangur/github/atelier-4/s4InfoAtelier4/s4InfoAtelier4.gen/sources_1/bd/atelier4/ip/atelier4_v_proc_ss_0_0_1/bd_0/ip/ip_2/src  /home/raesangur/github/atelier-4/s4InfoAtelier4/s4InfoAtelier4.gen/sources_1/bd/atelier4/ip/atelier4_v_proc_ss_0_0_1/bd_0/ip/ip_2/src/hls/hls_video_histogram.h 
